<?xml version="1.0" encoding="UTF-8"?>
<!-- Generated by org.testng.reporters.JUnitReportReporter -->
<testsuite hostname="IN-PPM2899A" failures="0" tests="1" name="api.test.UserTest" time="2.473" errors="0" timestamp="2023-03-06T00:37:36 IST" skipped="0">
  <testcase classname="api.test.UserTest" name="testPostUser" time="2.473"/>
  <system-out/>
</testsuite> <!-- api.test.UserTest -->
